*** Using Compiler 'V5.06 update 4 (build 422)', folder: 'D:\MDK\ARM\ARMCC\Bin'
Build target 'infantry'
compiling usbd_cdc_if.c...
compiling tsk_config_and_callback.cpp...
compiling drv_usb.c...
compiling drv_can.c...
compiling dvc_imu.cpp...
compiling dvc_referee.cpp...
compiling dvc_boardc_bmi088.cpp...
compiling crt_booster.cpp...
compiling crt_gimbal.cpp...
compiling dvc_minipc.cpp...
compiling main.c...
compiling dvc_dr16.cpp...
compiling ita_chariot.cpp...
linking...
Program Size: Code=94564 RO-data=2644 RW-data=1352 ZI-data=45696  
FromELF: creating hex file...
"infantry\infantry.axf" - 0 Error(s), 0 Warning(s).
Build Time Elapsed:  00:00:10
